Copyright 1986-2022 Xilinx, Inc. All Rights Reserved. Copyright 2022-2025 Advanced Micro Devices, Inc. All Rights Reserved.
--------------------------------------------------------------------------------------------------------------------------------------------------------------------------------------
| Tool Version : Vivado v.2025.1 (lin64) Build 6140274 Wed May 21 22:58:25 MDT 2025
| Date         : Wed Mar 18 16:06:43 2026
| Host         : Yousef-Machine running 64-bit Ubuntu 24.04.4 LTS
| Command      : report_methodology -file design_1_wrapper_methodology_drc_routed.rpt -pb design_1_wrapper_methodology_drc_routed.pb -rpx design_1_wrapper_methodology_drc_routed.rpx
| Design       : design_1_wrapper
| Device       : xc7a35tcpg236-1
| Speed File   : -1
| Design State : Fully Routed
--------------------------------------------------------------------------------------------------------------------------------------------------------------------------------------

Report Methodology

Table of Contents
-----------------
1. REPORT SUMMARY
2. REPORT DETAILS

1. REPORT SUMMARY
-----------------
            Netlist: netlist
          Floorplan: design_1
      Design limits: <entire design considered>
             Max checks: <unlimited>
             Checks found: 3
+----------+----------+------------------------------+--------+
| Rule     | Severity | Description                  | Checks |
+----------+----------+------------------------------+--------+
| LUTAR-1  | Warning  | LUT drives async reset alert | 2      |
| TIMING-9 | Warning  | Unknown CDC Logic            | 1      |
+----------+----------+------------------------------+--------+

2. REPORT DETAILS
-----------------
LUTAR-1#1 Warning
LUT drives async reset alert  
LUT cell design_1_i/mdm_1/U0/MDM_Core_I1/JTAG_CONTROL_I/sel_n_i_2, with 2 or more inputs, drives asynchronous preset/clear pin(s) design_1_i/mdm_1/U0/MDM_Core_I1/JTAG_CONTROL_I/sel_n_reg/PRE. The LUT may glitch and trigger an unexpected reset, even if it is a properly timed path.
Related violations: <none>

LUTAR-1#2 Warning
LUT drives async reset alert  
LUT cell design_1_i/xadc_wiz_0/U0/AXI_XADC_CORE_I/Inst_drp_arbiter/FIFO18E1_inst_data_i_2, with 2 or more inputs, drives asynchronous preset/clear pin(s) design_1_i/xadc_wiz_0/U0/AXI_XADC_CORE_I/axi4_stream_inst/FSM_sequential_state_reg[0]/CLR,
design_1_i/xadc_wiz_0/U0/AXI_XADC_CORE_I/axi4_stream_inst/FSM_sequential_state_reg[1]/CLR,
design_1_i/xadc_wiz_0/U0/AXI_XADC_CORE_I/axi4_stream_inst/FSM_sequential_state_reg[2]/CLR,
design_1_i/xadc_wiz_0/U0/AXI_XADC_CORE_I/axi4_stream_inst/FSM_sequential_state_reg[3]/CLR,
design_1_i/xadc_wiz_0/U0/AXI_XADC_CORE_I/axi4_stream_inst/busy_o_reg/CLR,
design_1_i/xadc_wiz_0/U0/AXI_XADC_CORE_I/axi4_stream_inst/channel_id_reg[0]/CLR,
design_1_i/xadc_wiz_0/U0/AXI_XADC_CORE_I/axi4_stream_inst/channel_id_reg[1]/CLR,
design_1_i/xadc_wiz_0/U0/AXI_XADC_CORE_I/axi4_stream_inst/channel_id_reg[2]/CLR,
design_1_i/xadc_wiz_0/U0/AXI_XADC_CORE_I/axi4_stream_inst/channel_id_reg[3]/CLR,
design_1_i/xadc_wiz_0/U0/AXI_XADC_CORE_I/axi4_stream_inst/channel_id_reg[4]/CLR,
design_1_i/xadc_wiz_0/U0/AXI_XADC_CORE_I/axi4_stream_inst/channel_id_reg[6]/CLR,
design_1_i/xadc_wiz_0/U0/AXI_XADC_CORE_I/axi4_stream_inst/den_o_reg/CLR,
design_1_i/xadc_wiz_0/U0/AXI_XADC_CORE_I/axi4_stream_inst/mode_change_sig_reset_reg/CLR,
design_1_i/xadc_wiz_0/U0/AXI_XADC_CORE_I/axi4_stream_inst/valid_data_wren_reg/CLR,
design_1_i/xadc_wiz_0/U0/AXI_XADC_CORE_I/mode_change_reg/CLR
 (the first 15 of 104 listed). The LUT may glitch and trigger an unexpected reset, even if it is a properly timed path.
Related violations: <none>

TIMING-9#1 Warning
Unknown CDC Logic  
One or more asynchronous Clock Domain Crossing has been detected between 2 clock domains through a set_false_path or a set_clock_groups or set_max_delay -datapath_only constraint but no double-registers logic synchronizer has been found on the side of the capture clock. It is recommended to run report_cdc for a complete and detailed CDC coverage. Please consider using XPM_CDC to avoid Critical severities
Related violations: <none>


